<?xml version="1.0" encoding="UTF-8"?>
<!-- Generated by org.testng.reporters.JUnitReportReporter -->
<testsuite skipped="0" hostname="GISBIZ-LTP-85" name="reportsTestday6.CreateLead" tests="3" failures="0" timestamp="11 Aug 2018 08:19:42 GMT" time="46.431" errors="0">
  <testcase name="createLead" time="14.587" classname="reportsTestday6.CreateLead"/>
  <testcase name="createLead" time="16.011" classname="reportsTestday6.CreateLead"/>
  <testcase name="createLead" time="15.833" classname="reportsTestday6.CreateLead"/>
</testsuite> <!-- reportsTestday6.CreateLead -->
