<?xml version="1.0" encoding="UTF-8"?>
<!-- Generated by org.testng.reporters.JUnitReportReporter -->
<testsuite skipped="0" hostname="GISBIZ-LTP-85" name="copiedfromgithub.CreateLead" tests="1" failures="0" timestamp="27 Jul 2018 09:22:41 GMT" time="17.810" errors="0">
  <testcase name="createLead" time="17.810" classname="copiedfromgithub.CreateLead"/>
</testsuite> <!-- copiedfromgithub.CreateLead -->
