<?xml version="1.0" encoding="UTF-8"?>
<!-- Generated by org.testng.reporters.JUnitReportReporter -->
<testsuite skipped="0" hostname="GISBIZ-LTP-85" name="reports.CreateLead" tests="1" failures="0" timestamp="11 Aug 2018 08:16:45 GMT" time="15.003" errors="0">
  <testcase name="createLead" time="15.003" classname="reports.CreateLead"/>
</testsuite> <!-- reports.CreateLead -->
