<?xml version="1.0" encoding="UTF-8"?>
<!-- Generated by org.testng.reporters.JUnitReportReporter -->
<testsuite skipped="0" hostname="GISBIZ-LTP-85" name="reportsTestday6.DuplicateLead" tests="1" failures="0" timestamp="11 Aug 2018 08:19:42 GMT" time="26.107" errors="0">
  <testcase name="duplicateLead" time="26.107" classname="reportsTestday6.DuplicateLead"/>
</testsuite> <!-- reportsTestday6.DuplicateLead -->
